<?xml version="1.0" encoding="UTF-8"?>
<!-- Generated by org.testng.reporters.JUnitXMLReporter -->
<testsuite ignored="1" hostname="user25" failures="0" tests="1" name="ModuleOneTest(failed)(failed)" time="7.027" errors="0" timestamp="2024-11-07T11:11:15 IST">
  <testcase classname="testScripts.GooglePageTest" name="seleniumSearchtest" time="3.521"/>
  <testcase classname="testScripts.GooglePageTest" name="searchJavaTest" time="0.0">
    <ignored/>
  </testcase> <!-- searchJavaTest -->
</testsuite> <!-- ModuleOneTest(failed)(failed) -->
