<?xml version="1.0" encoding="UTF-8"?>
<!-- Generated by org.testng.reporters.JUnitXMLReporter -->
<testsuite ignored="1" hostname="user25" failures="0" tests="1" name="ModuleOneTest(failed)" time="6.06" errors="0" timestamp="2024-11-07T11:15:08 IST">
  <testcase classname="testScripts.GooglePageTest" name="seleniumSearchtest" time="1.999"/>
  <testcase classname="testScripts.GooglePageTest" name="searchJavaTest" time="0.0">
    <ignored/>
  </testcase> <!-- searchJavaTest -->
</testsuite> <!-- ModuleOneTest(failed) -->
