<?xml version="1.0" encoding="UTF-8"?>
<!-- Generated by org.testng.reporters.JUnitXMLReporter -->
<testsuite ignored="0" hostname="user25" failures="0" tests="9" name="ModuleOneTest" time="13.829" errors="0" timestamp="2024-11-08T12:44:29 IST">
  <testcase classname="parallelScripts.SampleTwoTest" name="testOne" time="3.851"/>
  <testcase classname="parallelScripts.SampleTwoTest" name="testFour" time="5.696"/>
  <testcase classname="parallelScripts.SampleTwoTest" name="testFour" time="6.051"/>
  <testcase classname="parallelScripts.SampleTwoTest" name="testThree" time="8.183"/>
  <testcase classname="parallelScripts.SampleOneTest" name="testFour" time="0.001"/>
  <testcase classname="parallelScripts.SampleOneTest" name="testOne" time="0.003"/>
  <testcase classname="parallelScripts.SampleOneTest" name="testThree" time="0.001"/>
  <testcase classname="parallelScripts.SampleOneTest" name="testTwo" time="0.001"/>
  <testcase classname="parallelScripts.SampleTwoTest" name="testTwo" time="3.6"/>
</testsuite> <!-- ModuleOneTest -->
