<?xml version="1.0" encoding="UTF-8"?>
<testng-results ignored="0" total="1" passed="1" failed="0" skipped="0">
  <reporter-output>
  </reporter-output>
  <suite started-at="2024-10-29T12:35:10 IST" name="Default suite" finished-at="2024-10-29T12:35:20 IST" duration-ms="10427">
    <groups>
    </groups>
    <test started-at="2024-10-29T12:35:10 IST" name="Default test" finished-at="2024-10-29T12:35:20 IST" duration-ms="10427">
      <class name="testScripts.LocatorTest">
        <test-method signature="loginTest()[pri:0, instance:testScripts.LocatorTest@57d7f8ca]" started-at="2024-10-29T12:35:10 IST" name="loginTest" finished-at="2024-10-29T12:35:20 IST" duration-ms="10342" status="PASS">
          <reporter-output>
          </reporter-output>
        </test-method> <!-- loginTest -->
      </class> <!-- testScripts.LocatorTest -->
    </test> <!-- Default test -->
  </suite> <!-- Default suite -->
</testng-results>
